<?xml version="1.0" encoding="UTF-8"?>
<!-- Generated by org.testng.reporters.JUnitXMLReporter -->
<testsuite hostname="Maninders-MacBook-Pro.local" ignored="0" name="TestClasses" tests="5" failures="0" timestamp="26 Dec 2016 06:35:26 GMT" time="27.206" errors="0">
  <testcase name="f" time="9.158" classname="selpractice.google"/>
  <testcase name="f" time="10.239" classname="selpractice.expedia"/>
  <testcase name="f" time="8.712" classname="selpractice.gmail"/>
  <testcase name="f" time="10.718" classname="selpractice.versionone"/>
  <testcase name="f" time="9.232" classname="selpractice.apple"/>
</testsuite> <!-- TestClasses -->
