<?xml version="1.0" encoding="UTF-8"?>
<!-- Generated by org.testng.reporters.JUnitXMLReporter -->
<testsuite hostname="Maninders-MacBook-Pro.local" ignored="0" name="Test" tests="37" failures="0" timestamp="28 Dec 2016 01:25:42 GMT" time="89.492" errors="0">
  <testcase name="f" time="11.466" classname="selpractice.apple2"/>
  <testcase name="f" time="11.998" classname="selpractice.gmail"/>
  <testcase name="f" time="12.083" classname="javapractice.gmail_new"/>
  <testcase name="f" time="12.117" classname="selpractice.gmail_new"/>
  <testcase name="f" time="13.359" classname="javapractice.applenew"/>
  <testcase name="f" time="10.627" classname="javapractice.gmail_new2"/>
  <testcase name="f" time="10.539" classname="selpractice.google2"/>
  <testcase name="f" time="10.834" classname="javapractice.google_link2"/>
  <testcase name="f" time="11.361" classname="selpractice.apple2346"/>
  <testcase name="f" time="12.87" classname="selpractice.googleuuuu2"/>
  <testcase name="f" time="12.144" classname="selpractice.apple2345"/>
  <testcase name="f" time="10.015" classname="javapractice.expedia2234"/>
  <testcase name="f" time="10.625" classname="selpractice.expedia2"/>
  <testcase name="f" time="13.07" classname="javapractice.expedia2235"/>
  <testcase name="f" time="13.252" classname="selpractice.expedia"/>
  <testcase name="f" time="11.751" classname="selpractice.versionone"/>
  <testcase name="f" time="11.838" classname="javapractice.expedia2"/>
  <testcase name="f" time="11.109" classname="selpractice.expedia2234"/>
  <testcase name="f" time="11.808" classname="javapractice.expedia"/>
  <testcase name="f" time="11.707" classname="selpractice.expedia2235"/>
  <testcase name="f" time="10.888" classname="selpractice.applenew2"/>
  <testcase name="f" time="11.036" classname="selpractice.google_link"/>
  <testcase name="f" time="13.679" classname="javapractice.applenew2"/>
  <testcase name="f" time="12.684" classname="selpractice.google_link2"/>
  <testcase name="f" time="14.153" classname="selpractice.versionone2"/>
  <testcase name="f" time="9.494" classname="selpractice.gmail2"/>
  <testcase name="f" time="9.489" classname="selpractice.apple"/>
  <testcase name="f" time="9.542" classname="selpractice.googleuuuu"/>
  <testcase name="f" time="16.08" classname="javapractice.apple2346"/>
  <testcase name="f" time="14.832" classname="javapractice.apple2345"/>
  <testcase name="f" time="12.502" classname="selpractice.google"/>
  <testcase name="f" time="12.676" classname="javapractice.google_link"/>
  <testcase name="f" time="10.918" classname="javapractice.gmail"/>
  <testcase name="f" time="9.685" classname="javapractice.gmail2"/>
  <testcase name="f" time="9.212" classname="javapractice.google"/>
  <testcase name="f" time="9.538" classname="selpractice.applenew"/>
  <testcase name="f" time="9.405" classname="selpractice.gmail_new2"/>
</testsuite> <!-- Test -->
